<?xml version="1.0" encoding="UTF-8" ?>
<testsuite tests="3" failures="1" name="TestSuite" time="10.908" errors="0" skipped="2">
  <properties>
[...]
</properties>
  <testcase classname="com.aru.training.jenkinsMvn.SampleSeleniumTest" name="startBrowser" time="3.597">
    <failure message="session not created: This version of ChromeDriver only supports Chrome version 81
Build info: version: &apos;3.141.0&apos;, revision: &apos;2ecb7d9a&apos;, time: &apos;2018-10-31T20:09:30&apos;
System info: host: &apos;ARUMUGAM&apos;, ip: &apos;192.168.1.6&apos;, os.name: &apos;Windows 10&apos;, os.arch: &apos;amd64&apos;, os.version: &apos;10.0&apos;, java.version: &apos;12.0.1&apos;
Driver info: driver.version: ChromeDriver
remote stacktrace: Backtrace:
	Ordinal0 [0x00CC5F73+2449267]
	Ordinal0 [0x00BF8361+1606497]
	Ordinal0 [0x00AEF969+522601]
	Ordinal0 [0x00A805F3+67059]
	Ordinal0 [0x00A7CD92+52626]
	Ordinal0 [0x00A9C127+180519]
	Ordinal0 [0x00A9BF2D+180013]
	Ordinal0 [0x00A99E5B+171611]
	Ordinal0 [0x00A81DD8+73176]
	Ordinal0 [0x00A82E50+77392]
	Ordinal0 [0x00A82DE9+77289]
	Ordinal0 [0x00C0D8D7+1693911]
	GetHandleVerifier [0x00D64036+522726]
	GetHandleVerifier [0x00D63D74+522020]
	GetHandleVerifier [0x00D79187+609079]
	GetHandleVerifier [0x00D648A6+524886]
	Ordinal0 [0x00C05CBC+1662140]
	Ordinal0 [0x00C0F23B+1700411]
	Ordinal0 [0x00C0F3A3+1700771]
	Ordinal0 [0x00C25215+1790485]
	BaseThreadInitThunk [0x76956359+25]
	RtlGetAppContainerNamedObjectPath [0x76ED7B74+228]
	RtlGetAppContainerNamedObjectPath [0x76ED7B44+180]
" type="org.openqa.selenium.SessionNotCreatedException">org.openqa.selenium.SessionNotCreatedException: session not created: This version of ChromeDriver only supports Chrome version 81
Build info: version: &apos;3.141.0&apos;, revision: &apos;2ecb7d9a&apos;, time: &apos;2018-10-31T20:09:30&apos;
System info: host: &apos;ARUMUGAM&apos;, ip: &apos;192.168.1.6&apos;, os.name: &apos;Windows 10&apos;, os.arch: &apos;amd64&apos;, os.version: &apos;10.0&apos;, java.version: &apos;12.0.1&apos;
Driver info: driver.version: ChromeDriver
remote stacktrace: Backtrace:
	Ordinal0 [0x00CC5F73+2449267]
	Ordinal0 [0x00BF8361+1606497]
	Ordinal0 [0x00AEF969+522601]
	Ordinal0 [0x00A805F3+67059]
	Ordinal0 [0x00A7CD92+52626]
	Ordinal0 [0x00A9C127+180519]
	Ordinal0 [0x00A9BF2D+180013]
	Ordinal0 [0x00A99E5B+171611]
	Ordinal0 [0x00A81DD8+73176]
	Ordinal0 [0x00A82E50+77392]
	Ordinal0 [0x00A82DE9+77289]
	Ordinal0 [0x00C0D8D7+1693911]
	GetHandleVerifier [0x00D64036+522726]
	GetHandleVerifier [0x00D63D74+522020]
	GetHandleVerifier [0x00D79187+609079]
	GetHandleVerifier [0x00D648A6+524886]
	Ordinal0 [0x00C05CBC+1662140]
	Ordinal0 [0x00C0F23B+1700411]
	Ordinal0 [0x00C0F3A3+1700771]
	Ordinal0 [0x00C25215+1790485]
	BaseThreadInitThunk [0x76956359+25]
	RtlGetAppContainerNamedObjectPath [0x76ED7B74+228]
	RtlGetAppContainerNamedObjectPath [0x76ED7B44+180]

	at java.base/jdk.internal.reflect.NativeConstructorAccessorImpl.newInstance0(Native Method)
	at java.base/jdk.internal.reflect.NativeConstructorAccessorImpl.newInstance(NativeConstructorAccessorImpl.java:62)
	at java.base/jdk.internal.reflect.DelegatingConstructorAccessorImpl.newInstance(DelegatingConstructorAccessorImpl.java:45)
	at java.base/java.lang.reflect.Constructor.newInstanceWithCaller(Constructor.java:500)
	at java.base/java.lang.reflect.Constructor.newInstance(Constructor.java:481)
	at org.openqa.selenium.remote.W3CHandshakeResponse.lambda$errorHandler$0(W3CHandshakeResponse.java:62)
	at org.openqa.selenium.remote.HandshakeResponse.lambda$getResponseFunction$0(HandshakeResponse.java:30)
	at org.openqa.selenium.remote.ProtocolHandshake.lambda$createSession$0(ProtocolHandshake.java:123)
	at java.base/java.util.stream.ReferencePipeline$3$1.accept(ReferencePipeline.java:195)
	at java.base/java.util.Spliterators$ArraySpliterator.tryAdvance(Spliterators.java:958)
	at java.base/java.util.stream.ReferencePipeline.forEachWithCancel(ReferencePipeline.java:127)
	at java.base/java.util.stream.AbstractPipeline.copyIntoWithCancel(AbstractPipeline.java:502)
	at java.base/java.util.stream.AbstractPipeline.copyInto(AbstractPipeline.java:488)
	at java.base/java.util.stream.AbstractPipeline.wrapAndCopyInto(AbstractPipeline.java:474)
	at java.base/java.util.stream.FindOps$FindOp.evaluateSequential(FindOps.java:150)
	at java.base/java.util.stream.AbstractPipeline.evaluate(AbstractPipeline.java:234)
	at java.base/java.util.stream.ReferencePipeline.findFirst(ReferencePipeline.java:543)
	at org.openqa.selenium.remote.ProtocolHandshake.createSession(ProtocolHandshake.java:125)
	at org.openqa.selenium.remote.ProtocolHandshake.createSession(ProtocolHandshake.java:74)
	at org.openqa.selenium.remote.HttpCommandExecutor.execute(HttpCommandExecutor.java:136)
	at org.openqa.selenium.remote.service.DriverCommandExecutor.execute(DriverCommandExecutor.java:83)
	at org.openqa.selenium.remote.RemoteWebDriver.execute(RemoteWebDriver.java:552)
	at org.openqa.selenium.remote.RemoteWebDriver.startSession(RemoteWebDriver.java:213)
	at org.openqa.selenium.remote.RemoteWebDriver.&lt;init&gt;(RemoteWebDriver.java:131)
	at org.openqa.selenium.chrome.ChromeDriver.&lt;init&gt;(ChromeDriver.java:181)
	at org.openqa.selenium.chrome.ChromeDriver.&lt;init&gt;(ChromeDriver.java:168)
	at org.openqa.selenium.chrome.ChromeDriver.&lt;init&gt;(ChromeDriver.java:157)
	at com.aru.training.jenkinsMvn.SampleSeleniumTest.startBrowser(SampleSeleniumTest.java:21)
</failure>
    <system-out>Configuring TestNG with: org.apache.maven.surefire.testng.conf.TestNG652Configurator@54422e18
</system-out>
    <system-err>Starting ChromeDriver 81.0.4044.69 (6813546031a4bc83f717a2ef7cd4ac6ec1199132-refs/branch-heads/4044@{#776}) on port 19367
Only local connections are allowed.
Please protect ports used by ChromeDriver and related test frameworks to prevent access by malicious code.
</system-err>
  </testcase>
  <testcase classname="com.aru.training.jenkinsMvn.SampleSeleniumTest" name="validateGoogleId" time="3.655">
    <skipped/>
  </testcase>
  <testcase classname="com.aru.training.jenkinsMvn.SampleSeleniumTest" name="closeBrowser" time="3.656">
    <skipped/>
  </testcase>
</testsuite>